<?xml version="1.0" encoding="UTF-8"?>
<testsuite name="CricketLeagueAnalysisTest" tests="1" skipped="0" failures="0" errors="0" timestamp="2020-07-12T12:11:07" hostname="KAJAL-LAPTOP" time="0.563">
  <properties/>
  <testcase name="givenIPLCensusCSVFile_WhenSorted_Should_ReturnMaximumSixAndFour" classname="CricketLeagueAnalysisTest" time="0.563"/>
  <system-out><![CDATA[]]></system-out>
  <system-err><![CDATA[]]></system-err>
</testsuite>
