<?xml version="1.0" encoding="UTF-8"?>
<testsuite name="CricketLeagueAnalysisTest" tests="1" skipped="0" failures="0" errors="0" timestamp="2020-07-09T21:45:15" hostname="KAJAL-LAPTOP" time="0.463">
  <properties/>
  <testcase name="givenIPLCensusCSVFile_WhenSorted_Should_ReturnTopStrikeRatePlayer" classname="CricketLeagueAnalysisTest" time="0.463"/>
  <system-out><![CDATA[]]></system-out>
  <system-err><![CDATA[]]></system-err>
</testsuite>
